{"/Users/ivanstashak/dev/volo-accendo/cloud/apis/contacts-api/src/lambdas/put-contact/put-contact.ts": {"path":"/Users/ivanstashak/dev/volo-accendo/cloud/apis/contacts-api/src/lambdas/put-contact/put-contact.ts","statementMap":{"0":{"start":{"line":8,"column":0},"end":{"line":8,"column":50}},"1":{"start":{"line":9,"column":0},"end":{"line":9,"column":61}},"2":{"start":{"line":10,"column":0},"end":{"line":10,"column":null}},"3":{"start":{"line":16,"column":47},"end":{"line":140,"column":1}},"4":{"start":{"line":20,"column":2},"end":{"line":20,"column":42}},"5":{"start":{"line":24,"column":2},"end":{"line":34,"column":3}},"6":{"start":{"line":25,"column":4},"end":{"line":25,"column":80}},"7":{"start":{"line":27,"column":4},"end":{"line":27,"column":46}},"8":{"start":{"line":28,"column":4},"end":{"line":33,"column":6}},"9":{"start":{"line":36,"column":2},"end":{"line":36,"column":49}},"10":{"start":{"line":47,"column":6},"end":{"line":47,"column":10}},"11":{"start":{"line":50,"column":2},"end":{"line":52,"column":3}},"12":{"start":{"line":51,"column":4},"end":{"line":51,"column":23}},"13":{"start":{"line":54,"column":18},"end":{"line":62,"column":4}},"14":{"start":{"line":64,"column":54},"end":{"line":64,"column":58}},"15":{"start":{"line":65,"column":54},"end":{"line":65,"column":58}},"16":{"start":{"line":66,"column":2},"end":{"line":78,"column":3}},"17":{"start":{"line":67,"column":4},"end":{"line":67,"column":50}},"18":{"start":{"line":69,"column":4},"end":{"line":69,"column":25}},"19":{"start":{"line":70,"column":4},"end":{"line":77,"column":5}},"20":{"start":{"line":71,"column":6},"end":{"line":76,"column":8}},"21":{"start":{"line":80,"column":2},"end":{"line":80,"column":59}},"22":{"start":{"line":82,"column":2},"end":{"line":130,"column":3}},"23":{"start":{"line":84,"column":4},"end":{"line":129,"column":5}},"24":{"start":{"line":85,"column":24},"end":{"line":85,"column":73}},"25":{"start":{"line":86,"column":31},"end":{"line":90,"column":32}},"26":{"start":{"line":91,"column":26},"end":{"line":106,"column":8}},"27":{"start":{"line":108,"column":31},"end":{"line":108,"column":64}},"28":{"start":{"line":110,"column":6},"end":{"line":110,"column":61}},"29":{"start":{"line":111,"column":6},"end":{"line":111,"column":60}},"30":{"start":{"line":112,"column":6},"end":{"line":120,"column":7}},"31":{"start":{"line":113,"column":8},"end":{"line":119,"column":10}},"32":{"start":{"line":122,"column":6},"end":{"line":122,"column":54}},"33":{"start":{"line":123,"column":6},"end":{"line":128,"column":8}},"34":{"start":{"line":132,"column":2},"end":{"line":139,"column":4}},"35":{"start":{"line":16,"column":13},"end":{"line":16,"column":47}}},"fnMap":{"0":{"name":"(anonymous_0)","decl":{"start":{"line":16,"column":47},"end":{"line":16,"column":52}},"loc":{"start":{"line":19,"column":36},"end":{"line":140,"column":1}}}},"branchMap":{"0":{"loc":{"start":{"line":25,"column":11},"end":{"line":25,"column":79}},"type":"cond-expr","locations":[{"start":{"line":25,"column":44},"end":{"line":25,"column":66}},{"start":{"line":25,"column":69},"end":{"line":25,"column":79}}]},"1":{"loc":{"start":{"line":50,"column":2},"end":{"line":52,"column":3}},"type":"if","locations":[{"start":{"line":50,"column":2},"end":{"line":52,"column":3}}]},"2":{"loc":{"start":{"line":70,"column":4},"end":{"line":77,"column":5}},"type":"if","locations":[{"start":{"line":70,"column":4},"end":{"line":77,"column":5}}]},"3":{"loc":{"start":{"line":82,"column":2},"end":{"line":130,"column":3}},"type":"if","locations":[{"start":{"line":82,"column":2},"end":{"line":130,"column":3}}]},"4":{"loc":{"start":{"line":112,"column":6},"end":{"line":120,"column":7}},"type":"if","locations":[{"start":{"line":112,"column":6},"end":{"line":120,"column":7}}]}},"s":{"0":0,"1":0,"2":0,"3":0,"4":0,"5":0,"6":0,"7":0,"8":0,"9":0,"10":0,"11":0,"12":0,"13":0,"14":0,"15":0,"16":0,"17":0,"18":0,"19":0,"20":0,"21":0,"22":0,"23":0,"24":0,"25":0,"26":0,"27":0,"28":0,"29":0,"30":0,"31":0,"32":0,"33":0,"34":0,"35":0},"f":{"0":0},"b":{"0":[0,0],"1":[0],"2":[0],"3":[0],"4":[0]}}
,"/Users/ivanstashak/dev/volo-accendo/cloud/apis/contacts-api/src/lambdas/verify-contact/verify-contact.ts": {"path":"/Users/ivanstashak/dev/volo-accendo/cloud/apis/contacts-api/src/lambdas/verify-contact/verify-contact.ts","statementMap":{"0":{"start":{"line":7,"column":0},"end":{"line":7,"column":50}},"1":{"start":{"line":9,"column":0},"end":{"line":9,"column":null}},"2":{"start":{"line":15,"column":47},"end":{"line":72,"column":1}},"3":{"start":{"line":19,"column":16},"end":{"line":19,"column":76}},"4":{"start":{"line":20,"column":20},"end":{"line":20,"column":64}},"5":{"start":{"line":21,"column":2},"end":{"line":21,"column":55}},"6":{"start":{"line":23,"column":21},"end":{"line":23,"column":76}},"7":{"start":{"line":25,"column":2},"end":{"line":25,"column":70}},"8":{"start":{"line":27,"column":18},"end":{"line":35,"column":4}},"9":{"start":{"line":37,"column":49},"end":{"line":37,"column":53}},"10":{"start":{"line":38,"column":2},"end":{"line":63,"column":3}},"11":{"start":{"line":41,"column":4},"end":{"line":41,"column":45}},"12":{"start":{"line":43,"column":4},"end":{"line":43,"column":51}},"13":{"start":{"line":45,"column":4},"end":{"line":56,"column":5}},"14":{"start":{"line":46,"column":6},"end":{"line":46,"column":63}},"15":{"start":{"line":47,"column":30},"end":{"line":47,"column":96}},"16":{"start":{"line":48,"column":6},"end":{"line":48,"column":59}},"17":{"start":{"line":49,"column":6},"end":{"line":55,"column":8}},"18":{"start":{"line":58,"column":4},"end":{"line":58,"column":25}},"19":{"start":{"line":59,"column":4},"end":{"line":62,"column":6}},"20":{"start":{"line":65,"column":2},"end":{"line":71,"column":4}},"21":{"start":{"line":15,"column":13},"end":{"line":15,"column":47}},"22":{"start":{"line":74,"column":41},"end":{"line":106,"column":1}},"23":{"start":{"line":78,"column":2},"end":{"line":105,"column":3}},"24":{"start":{"line":79,"column":56},"end":{"line":79,"column":60}},"25":{"start":{"line":80,"column":22},"end":{"line":80,"column":71}},"26":{"start":{"line":81,"column":30},"end":{"line":81,"column":91}},"27":{"start":{"line":83,"column":24},"end":{"line":98,"column":6}},"28":{"start":{"line":100,"column":29},"end":{"line":100,"column":62}},"29":{"start":{"line":101,"column":4},"end":{"line":101,"column":59}},"30":{"start":{"line":102,"column":4},"end":{"line":102,"column":64}},"31":{"start":{"line":104,"column":4},"end":{"line":104,"column":71}}},"fnMap":{"0":{"name":"(anonymous_0)","decl":{"start":{"line":15,"column":47},"end":{"line":15,"column":52}},"loc":{"start":{"line":18,"column":36},"end":{"line":72,"column":1}}},"1":{"name":"(anonymous_1)","decl":{"start":{"line":74,"column":41},"end":{"line":74,"column":46}},"loc":{"start":{"line":77,"column":4},"end":{"line":106,"column":1}}}},"branchMap":{"0":{"loc":{"start":{"line":19,"column":35},"end":{"line":19,"column":75}},"type":"binary-expr","locations":[{"start":{"line":19,"column":35},"end":{"line":19,"column":69}},{"start":{"line":19,"column":73},"end":{"line":19,"column":75}}]},"1":{"loc":{"start":{"line":20,"column":20},"end":{"line":20,"column":64}},"type":"binary-expr","locations":[{"start":{"line":20,"column":20},"end":{"line":20,"column":58}},{"start":{"line":20,"column":62},"end":{"line":20,"column":64}}]},"2":{"loc":{"start":{"line":45,"column":4},"end":{"line":56,"column":5}},"type":"if","locations":[{"start":{"line":45,"column":4},"end":{"line":56,"column":5}}]},"3":{"loc":{"start":{"line":81,"column":30},"end":{"line":81,"column":91}},"type":"binary-expr","locations":[{"start":{"line":81,"column":30},"end":{"line":81,"column":61}},{"start":{"line":81,"column":65},"end":{"line":81,"column":91}}]}},"s":{"0":0,"1":0,"2":0,"3":0,"4":0,"5":0,"6":0,"7":0,"8":0,"9":0,"10":0,"11":0,"12":0,"13":0,"14":0,"15":0,"16":0,"17":0,"18":0,"19":0,"20":0,"21":0,"22":0,"23":0,"24":0,"25":0,"26":0,"27":0,"28":0,"29":0,"30":0,"31":0},"f":{"0":0,"1":0},"b":{"0":[0,0],"1":[0,0],"2":[0],"3":[0,0]}}
,"/Users/ivanstashak/dev/volo-accendo/cloud/apis/contacts-api/src/shared/dynamodb-client.ts": {"path":"/Users/ivanstashak/dev/volo-accendo/cloud/apis/contacts-api/src/shared/dynamodb-client.ts","statementMap":{"0":{"start":{"line":1,"column":0},"end":{"line":1,"column":58}},"1":{"start":{"line":3,"column":36},"end":{"line":3,"column":40}},"2":{"start":{"line":5,"column":33},"end":{"line":13,"column":1}},"3":{"start":{"line":6,"column":2},"end":{"line":6,"column":28}},"4":{"start":{"line":6,"column":14},"end":{"line":6,"column":28}},"5":{"start":{"line":8,"column":2},"end":{"line":10,"column":5}},"6":{"start":{"line":12,"column":2},"end":{"line":12,"column":16}},"7":{"start":{"line":5,"column":13},"end":{"line":5,"column":33}}},"fnMap":{"0":{"name":"(anonymous_0)","decl":{"start":{"line":5,"column":33},"end":{"line":5,"column":52}},"loc":{"start":{"line":5,"column":54},"end":{"line":13,"column":1}}}},"branchMap":{"0":{"loc":{"start":{"line":6,"column":2},"end":{"line":6,"column":28}},"type":"if","locations":[{"start":{"line":6,"column":2},"end":{"line":6,"column":28}}]}},"s":{"0":2,"1":2,"2":2,"3":1,"4":0,"5":1,"6":1,"7":2},"f":{"0":1},"b":{"0":[0]}}
,"/Users/ivanstashak/dev/volo-accendo/cloud/apis/contacts-api/src/shared/index.ts": {"path":"/Users/ivanstashak/dev/volo-accendo/cloud/apis/contacts-api/src/shared/index.ts","statementMap":{"0":{"start":{"line":1,"column":0},"end":{"line":1,"column":34}}},"fnMap":{},"branchMap":{},"s":{"0":2},"f":{},"b":{}}
,"/Users/ivanstashak/dev/volo-accendo/cloud/apis/contacts-api/src/shared/models/index.ts": {"path":"/Users/ivanstashak/dev/volo-accendo/cloud/apis/contacts-api/src/shared/models/index.ts","statementMap":{"0":{"start":{"line":1,"column":0},"end":{"line":1,"column":23}}},"fnMap":{},"branchMap":{},"s":{"0":0},"f":{},"b":{}}
,"/Users/ivanstashak/dev/volo-accendo/cloud/apis/contacts-api/src/shared/models/dao/base-dao.ts": {"path":"/Users/ivanstashak/dev/volo-accendo/cloud/apis/contacts-api/src/shared/models/dao/base-dao.ts","statementMap":{"0":{"start":{"line":1,"column":0},"end":{"line":1,"column":null}},"1":{"start":{"line":7,"column":0},"end":{"line":7,"column":61}},"2":{"start":{"line":17,"column":4},"end":{"line":32,"column":5}},"3":{"start":{"line":18,"column":6},"end":{"line":18,"column":58}},"4":{"start":{"line":19,"column":6},"end":{"line":19,"column":34}},"5":{"start":{"line":20,"column":11},"end":{"line":32,"column":5}},"6":{"start":{"line":21,"column":6},"end":{"line":21,"column":58}},"7":{"start":{"line":22,"column":6},"end":{"line":22,"column":34}},"8":{"start":{"line":23,"column":11},"end":{"line":32,"column":5}},"9":{"start":{"line":24,"column":6},"end":{"line":24,"column":58}},"10":{"start":{"line":25,"column":6},"end":{"line":25,"column":34}},"11":{"start":{"line":26,"column":11},"end":{"line":32,"column":5}},"12":{"start":{"line":27,"column":6},"end":{"line":27,"column":58}},"13":{"start":{"line":28,"column":6},"end":{"line":28,"column":34}},"14":{"start":{"line":30,"column":6},"end":{"line":30,"column":23}},"15":{"start":{"line":31,"column":6},"end":{"line":31,"column":40}},"16":{"start":{"line":34,"column":4},"end":{"line":34,"column":56}},"17":{"start":{"line":9,"column":0},"end":{"line":9,"column":22}}},"fnMap":{"0":{"name":"(anonymous_0)","decl":{"start":{"line":10,"column":12},"end":{"line":10,"column":35}},"loc":{"start":{"line":11,"column":20},"end":{"line":35,"column":3}}}},"branchMap":{"0":{"loc":{"start":{"line":17,"column":4},"end":{"line":32,"column":5}},"type":"if","locations":[{"start":{"line":17,"column":4},"end":{"line":32,"column":5}},{"start":{"line":20,"column":11},"end":{"line":32,"column":5}}]},"1":{"loc":{"start":{"line":18,"column":19},"end":{"line":18,"column":57}},"type":"binary-expr","locations":[{"start":{"line":18,"column":19},"end":{"line":18,"column":50}},{"start":{"line":18,"column":54},"end":{"line":18,"column":57}}]},"2":{"loc":{"start":{"line":20,"column":11},"end":{"line":32,"column":5}},"type":"if","locations":[{"start":{"line":20,"column":11},"end":{"line":32,"column":5}},{"start":{"line":23,"column":11},"end":{"line":32,"column":5}}]},"3":{"loc":{"start":{"line":21,"column":19},"end":{"line":21,"column":57}},"type":"binary-expr","locations":[{"start":{"line":21,"column":19},"end":{"line":21,"column":50}},{"start":{"line":21,"column":54},"end":{"line":21,"column":57}}]},"4":{"loc":{"start":{"line":23,"column":11},"end":{"line":32,"column":5}},"type":"if","locations":[{"start":{"line":23,"column":11},"end":{"line":32,"column":5}},{"start":{"line":26,"column":11},"end":{"line":32,"column":5}}]},"5":{"loc":{"start":{"line":24,"column":19},"end":{"line":24,"column":57}},"type":"binary-expr","locations":[{"start":{"line":24,"column":19},"end":{"line":24,"column":50}},{"start":{"line":24,"column":54},"end":{"line":24,"column":57}}]},"6":{"loc":{"start":{"line":26,"column":11},"end":{"line":32,"column":5}},"type":"if","locations":[{"start":{"line":26,"column":11},"end":{"line":32,"column":5}},{"start":{"line":29,"column":11},"end":{"line":32,"column":5}}]},"7":{"loc":{"start":{"line":27,"column":19},"end":{"line":27,"column":57}},"type":"binary-expr","locations":[{"start":{"line":27,"column":19},"end":{"line":27,"column":50}},{"start":{"line":27,"column":54},"end":{"line":27,"column":57}}]}},"s":{"0":1,"1":1,"2":0,"3":0,"4":0,"5":0,"6":0,"7":0,"8":0,"9":0,"10":0,"11":0,"12":0,"13":0,"14":0,"15":0,"16":0,"17":1},"f":{"0":0},"b":{"0":[0,0],"1":[0,0],"2":[0,0],"3":[0,0],"4":[0,0],"5":[0,0],"6":[0,0],"7":[0,0]}}
,"/Users/ivanstashak/dev/volo-accendo/cloud/apis/contacts-api/src/shared/models/dao/contacts-dao.ts": {"path":"/Users/ivanstashak/dev/volo-accendo/cloud/apis/contacts-api/src/shared/models/dao/contacts-dao.ts","statementMap":{"0":{"start":{"line":1,"column":0},"end":{"line":1,"column":null}},"1":{"start":{"line":8,"column":0},"end":{"line":8,"column":45}},"2":{"start":{"line":10,"column":0},"end":{"line":10,"column":37}},"3":{"start":{"line":11,"column":0},"end":{"line":11,"column":61}},"4":{"start":{"line":23,"column":4},"end":{"line":23,"column":12}},"5":{"start":{"line":24,"column":4},"end":{"line":24,"column":31}},"6":{"start":{"line":25,"column":4},"end":{"line":25,"column":43}},"7":{"start":{"line":26,"column":4},"end":{"line":26,"column":39}},"8":{"start":{"line":27,"column":4},"end":{"line":27,"column":37}},"9":{"start":{"line":28,"column":4},"end":{"line":28,"column":43}},"10":{"start":{"line":29,"column":4},"end":{"line":29,"column":35}},"11":{"start":{"line":30,"column":4},"end":{"line":30,"column":57}},"12":{"start":{"line":34,"column":19},"end":{"line":47,"column":6}},"13":{"start":{"line":49,"column":4},"end":{"line":63,"column":5}},"14":{"start":{"line":50,"column":6},"end":{"line":50,"column":57}},"15":{"start":{"line":51,"column":6},"end":{"line":51,"column":60}},"16":{"start":{"line":52,"column":19},"end":{"line":52,"column":77}},"17":{"start":{"line":53,"column":6},"end":{"line":53,"column":48}},"18":{"start":{"line":54,"column":6},"end":{"line":54,"column":18}},"19":{"start":{"line":56,"column":6},"end":{"line":56,"column":57}},"20":{"start":{"line":57,"column":6},"end":{"line":62,"column":7}},"21":{"start":{"line":58,"column":8},"end":{"line":58,"column":48}},"22":{"start":{"line":61,"column":8},"end":{"line":61,"column":69}},"23":{"start":{"line":67,"column":43},"end":{"line":76,"column":6}},"24":{"start":{"line":77,"column":4},"end":{"line":90,"column":5}},"25":{"start":{"line":78,"column":19},"end":{"line":79,"column":null}},"26":{"start":{"line":81,"column":6},"end":{"line":81,"column":18}},"27":{"start":{"line":83,"column":6},"end":{"line":83,"column":32}},"28":{"start":{"line":84,"column":6},"end":{"line":89,"column":7}},"29":{"start":{"line":85,"column":8},"end":{"line":85,"column":48}},"30":{"start":{"line":88,"column":8},"end":{"line":88,"column":69}},"31":{"start":{"line":94,"column":4},"end":{"line":102,"column":6}},"32":{"start":{"line":13,"column":0},"end":{"line":13,"column":13}}},"fnMap":{"0":{"name":"(anonymous_0)","decl":{"start":{"line":22,"column":2},"end":{"line":22,"column":14}},"loc":{"start":{"line":22,"column":30},"end":{"line":31,"column":3}}},"1":{"name":"(anonymous_1)","decl":{"start":{"line":33,"column":9},"end":{"line":33,"column":14}},"loc":{"start":{"line":33,"column":25},"end":{"line":64,"column":3}}},"2":{"name":"(anonymous_2)","decl":{"start":{"line":66,"column":9},"end":{"line":66,"column":14}},"loc":{"start":{"line":66,"column":28},"end":{"line":91,"column":3}}},"3":{"name":"(anonymous_3)","decl":{"start":{"line":93,"column":9},"end":{"line":93,"column":15}},"loc":{"start":{"line":93,"column":15},"end":{"line":103,"column":3}}}},"branchMap":{"0":{"loc":{"start":{"line":42,"column":21},"end":{"line":44,"column":26}},"type":"cond-expr","locations":[{"start":{"line":43,"column":12},"end":{"line":43,"column":35}},{"start":{"line":44,"column":12},"end":{"line":44,"column":26}}]},"1":{"loc":{"start":{"line":57,"column":6},"end":{"line":62,"column":7}},"type":"if","locations":[{"start":{"line":57,"column":6},"end":{"line":62,"column":7}},{"start":{"line":59,"column":13},"end":{"line":62,"column":7}}]},"2":{"loc":{"start":{"line":84,"column":6},"end":{"line":89,"column":7}},"type":"if","locations":[{"start":{"line":84,"column":6},"end":{"line":89,"column":7}},{"start":{"line":86,"column":13},"end":{"line":89,"column":7}}]}},"s":{"0":1,"1":1,"2":1,"3":1,"4":1,"5":1,"6":1,"7":1,"8":1,"9":1,"10":1,"11":1,"12":0,"13":0,"14":0,"15":0,"16":0,"17":0,"18":0,"19":0,"20":0,"21":0,"22":0,"23":0,"24":0,"25":0,"26":0,"27":0,"28":0,"29":0,"30":0,"31":1,"32":1},"f":{"0":1,"1":0,"2":0,"3":1},"b":{"0":[0,0],"1":[0,0],"2":[0,0]}}
,"/Users/ivanstashak/dev/volo-accendo/cloud/apis/contacts-api/src/shared/models/dao/index.ts": {"path":"/Users/ivanstashak/dev/volo-accendo/cloud/apis/contacts-api/src/shared/models/dao/index.ts","statementMap":{"0":{"start":{"line":1,"column":0},"end":{"line":1,"column":27}},"1":{"start":{"line":2,"column":0},"end":{"line":2,"column":31}}},"fnMap":{},"branchMap":{},"s":{"0":1,"1":1},"f":{},"b":{}}
,"/Users/ivanstashak/dev/volo-accendo/cloud/apis/contacts-api/src/shared/models/errors/index.ts": {"path":"/Users/ivanstashak/dev/volo-accendo/cloud/apis/contacts-api/src/shared/models/errors/index.ts","statementMap":{"0":{"start":{"line":1,"column":0},"end":{"line":1,"column":40}}},"fnMap":{},"branchMap":{},"s":{"0":1},"f":{},"b":{}}
,"/Users/ivanstashak/dev/volo-accendo/cloud/apis/contacts-api/src/shared/models/errors/lambda-dynamodb-error.ts": {"path":"/Users/ivanstashak/dev/volo-accendo/cloud/apis/contacts-api/src/shared/models/errors/lambda-dynamodb-error.ts","statementMap":{"0":{"start":{"line":5,"column":4},"end":{"line":5,"column":19}},"1":{"start":{"line":6,"column":4},"end":{"line":6,"column":33}},"2":{"start":{"line":7,"column":4},"end":{"line":7,"column":38}},"3":{"start":{"line":1,"column":0},"end":{"line":1,"column":13}}},"fnMap":{"0":{"name":"(anonymous_0)","decl":{"start":{"line":4,"column":2},"end":{"line":4,"column":14}},"loc":{"start":{"line":4,"column":49},"end":{"line":8,"column":3}}}},"branchMap":{},"s":{"0":0,"1":0,"2":0,"3":1},"f":{"0":0},"b":{}}
}
